[az-rio.webflow.io/home.html]
[az-rio.webflow.io/what-we-do.html]
[az-rio.webflow.io/who-we-are.html]
[az-rio.webflow.io/insights.html]
[az-rio.webflow.io/showcases.html]
[az-rio.webflow.io/contact.html]
[az-rio.webflow.io/post/discovering-webflow.html]
[az-rio.webflow.io/showcase/quantumtech.html]
[az-rio.webflow.io/404.html]
[az-rio.webflow.io/privacy.html]
[backblue.gif]
[fade.gif]
[index.html]
[assets-global.website-files.com/661fb3dec9c3a0cc7ba8fb97/css/az-rio.webflow.fdd41326d.css]
[ajax.googleapis.com/ajax/libs/webfont/1.6.26/webfont.js]
[cdn.prod.website-files.com/661fb3dec9c3a0cc7ba8fb97/6620f70a00a791d009f84724_rio-favicon.png]
[cdn.prod.website-files.com/661fb3dec9c3a0cc7ba8fb97/6620f70c3846fd1fbf6ae3a4_rio-Webclip.png]
[az-rio.webflow.io/template/instructions.html]
[az-rio.webflow.io/blank.html]
[az-rio.webflow.io/showcase/navigating-efficiency-devops-transformation-in-supply-chain.html]
[cdn.prod.website-files.com/661fb3dec9c3a0cc7ba8fbc5/662117bbbd8d8d8a8c6820e2_luke-chesser-WLOCr03nGr0-unsplash.jpg]
[az-rio.webflow.io/showcase/crafting-customer-experiences-database-solutions-for-media-streaming.html]
[az-rio.webflow.io/post/top-10-webflow-template-categories.html]
[d3e54v103j8qbb.cloudfront.net/js/jquery-3.5.1.min.dc5e7f18c8100e.js]
[az-rio.webflow.io/home.html]
[assets-global.website-files.com/661fb3dec9c3a0cc7ba8fb97/js/webflow.2cfac6909.js]
[cdn.prod.website-files.com/661fb3dec9c3a0cc7ba8fb97/6621028ac97fd9860e7fd2f2_Revolutionise-Biz.jpg]
[cdn.prod.website-files.com/661fb3dec9c3a0cc7ba8fb97/6621028af530915b171bc549_Data-Empowerment.jpg]
[cdn.prod.website-files.com/661fb3dec9c3a0cc7ba8fb97/662102e580115366538786b6_Opportunity.jpg]
[cdn.prod.website-files.com/661fb3dec9c3a0cc7ba8fb97/662102e377f9f82eaa0d5991_Agile.jpg]
[cdn.prod.website-files.com/661fb3dec9c3a0cc7ba8fb97/662102e55fea66718ca270b2_Efficiency.jpg]
[cdn.prod.website-files.com/661fb3dec9c3a0cc7ba8fb97/662102e4c97fd9860e80308e_Elevate.jpg]
[az-rio.webflow.io/what-we-do.html]
[cdn.prod.website-files.com/661fb3dec9c3a0cc7ba8fb97/662108ca21f49ba8f0c696d8_thisisengineering-83udtzyaTS4-unsplash.jpg]
[cdn.prod.website-files.com/661fb3dec9c3a0cc7ba8fb97/662108cb2cd44766375e8ff7_thisisengineering-WD7BoqPrjYE-unsplash.jpg]
[az-rio.webflow.io/who-we-are.html]
[az-rio.webflow.io/insights.html]
[az-rio.webflow.io/showcases.html]
[az-rio.webflow.io/contact.html]
[az-rio.webflow.io/post/discovering-webflow.html]
[az-rio.webflow.io/showcase/quantumtech.html]
[cdn.prod.website-files.com/661fb3dec9c3a0cc7ba8fbc5/661fb3dec9c3a0cc7ba8fcb4_Ok5hQGt7Ue4og3IhY6BFr_HZieM5VatNp_olkv9hn5DJ5OcCjjSLsMfzWhPcNcryIa3Jtjz9RmMhuEuFgDp204NG5TM7bWLXhrzFblqpr3wesKpebxGggpXoF]
[assets-global.website-files.com/661fb3dec9c3a0cc7ba8fb97/6620f70a00a791d009f84724_rio-favicon.png]
[assets-global.website-files.com/661fb3dec9c3a0cc7ba8fb97/6620f70c3846fd1fbf6ae3a4_rio-Webclip.png]
[az-rio.webflow.io/404.html]
[az-rio.webflow.io/privacy.html]
[assets-global.website-files.com/661fb3dec9c3a0cc7ba8fb97/662131e2a552b9eb3a51a2bb_BG Image.jpg]
[assets-global.website-files.com/661fb3dec9c3a0cc7ba8fb97/66336b1bf3eb759769788d41_Webflow Icon.png]
[assets-global.website-files.com/661fb3dec9c3a0cc7ba8fb97/css/az-rio.webflow.fdd41326d.css]
[cdn.prod.website-files.com/661fb3dec9c3a0cc7ba8fb97/662113e503e338f459aa85e5_Change-Hero.png]
[az-rio.webflow.io/template/instructions.html]
[az-rio.webflow.io/blank.html]
[az-rio.webflow.io/showcase/navigating-efficiency-devops-transformation-in-supply-chain.html]
[az-rio.webflow.io/showcase/crafting-customer-experiences-database-solutions-for-media-streaming.html]
[az-rio.webflow.io/post/top-10-webflow-template-categories.html]
[az-rio.webflow.io/index.html]
[az-rio.webflow.io/shop.html]
[az-rio.webflow.io/product/a-to-z-bucket-heat.html]
[az-rio.webflow.io/category/digital-goods.html]
[az-rio.webflow.io/checkout.html]
[az-rio.webflow.io/401.html]
[az-rio.webflow.io/template/style-guide.html]
[az-rio.webflow.io/template/licensing.html]
[az-rio.webflow.io/template/change-log.html]
[az-rio.webflow.io/_https_/cdn.prod.website-files.com/661fb3dec9c3a0cc7ba8fb97/661fc92ee59946d2569f08a0_Rio-Video-poster-00001.html]
[az-rio.webflow.io/showcase/cultivating-success-through-data-driven-agriculture.html]
[az-rio.webflow.io/showcase/transforming-healthcare-cloud-native-solutions-for-patient-care.html]
[az-rio.webflow.io/showcase/data-resurgence-advanced-analytics-driving-financial-excellence.html]
[az-rio.webflow.io/showcase/empowering-sustainability-ai-driven-solutions-in-renewable-energy.html]
[az-rio.webflow.io/post/e-commerce.html]
[az-rio.webflow.io/post/result-driven-webflow-templates.html]
[az-rio.webflow.io/post/becoming-a-web-designer-web-developer.html]
[az-rio.webflow.io/post/building-ecommerce-now-a-breeze.html]
[az-rio.webflow.io/post/from-dead-sketches-to-living-websites-with-webflow.html]
